<?xml version="1.0" encoding="UTF-8"?>
<!-- Generated by org.testng.reporters.JUnitReportReporter -->
<testsuite skipped="0" hostname="LAPTOP-94EP1FIV" name="testCases.TestCaseHomePage" tests="1" failures="0" timestamp="23 Jun 2020 16:59:39 GMT" time="9.954" errors="0">
  <testcase name="getDetails" time="9.954" classname="testCases.TestCaseHomePage"/>
</testsuite> <!-- testCases.TestCaseHomePage -->
