<?xml version="1.0" encoding="UTF-8"?>
<!-- Generated by org.testng.reporters.JUnitReportReporter -->
<testsuite skipped="0" hostname="LAPTOP-94EP1FIV" name="testCases.ApttusAPIDemo" tests="2" failures="0" timestamp="24 Jun 2020 07:03:59 GMT" time="5.937" errors="0">
  <testcase name="apiDemo" time="4.278" classname="testCases.ApttusAPIDemo"/>
  <testcase name="apiDemo" time="1.659" classname="testCases.ApttusAPIDemo"/>
</testsuite> <!-- testCases.ApttusAPIDemo -->
